<?xml version="1.0" encoding="UTF-8"?>
<coverage generated="1634193288773" clover="3.2.0">
  <project timestamp="1634193288773" name="All files">
    <metrics statements="84" coveredstatements="78" conditionals="55" coveredconditionals="46" methods="5" coveredmethods="5" elements="144" coveredelements="129" complexity="0" loc="84" ncloc="84" packages="1" files="1" classes="1"/>
    <file name="app.js" path="/Users/shireensyed/Desktop/T20assignment with TDD/src/app.js">
      <metrics statements="84" coveredstatements="78" conditionals="55" coveredconditionals="46" methods="5" coveredmethods="5"/>
      <line num="2" count="1" type="stmt"/>
      <line num="3" count="1" type="stmt"/>
      <line num="4" count="1" type="stmt"/>
      <line num="5" count="1" type="stmt"/>
      <line num="6" count="1" type="stmt"/>
      <line num="7" count="1" type="stmt"/>
      <line num="8" count="1" type="stmt"/>
      <line num="10" count="15" type="stmt"/>
      <line num="12" count="1" type="stmt"/>
      <line num="14" count="15" type="stmt"/>
      <line num="15" count="15" type="stmt"/>
      <line num="16" count="15" type="cond" truecount="2" falsecount="0"/>
      <line num="17" count="11" type="stmt"/>
      <line num="18" count="15" type="stmt"/>
      <line num="20" count="1" type="stmt"/>
      <line num="22" count="2" type="stmt"/>
      <line num="23" count="3" type="stmt"/>
      <line num="24" count="3" type="stmt"/>
      <line num="25" count="15" type="stmt"/>
      <line num="26" count="15" type="cond" truecount="2" falsecount="0"/>
      <line num="27" count="11" type="stmt"/>
      <line num="28" count="11" type="stmt"/>
      <line num="30" count="15" type="cond" truecount="2" falsecount="0"/>
      <line num="31" count="1" type="stmt"/>
      <line num="32" count="1" type="stmt"/>
      <line num="33" count="1" type="stmt"/>
      <line num="35" count="1" type="stmt"/>
      <line num="38" count="14" type="cond" truecount="2" falsecount="0"/>
      <line num="39" count="1" type="stmt"/>
      <line num="40" count="13" type="cond" truecount="2" falsecount="0"/>
      <line num="41" count="1" type="stmt"/>
      <line num="42" count="12" type="cond" truecount="2" falsecount="0"/>
      <line num="43" count="9" type="stmt"/>
      <line num="44" count="14" type="stmt"/>
      <line num="45" count="14" type="cond" truecount="2" falsecount="0"/>
      <line num="46" count="3" type="cond" truecount="1" falsecount="1"/>
      <line num="47" count="3" type="cond" truecount="1" falsecount="1"/>
      <line num="48" count="3" type="stmt"/>
      <line num="49" count="3" type="stmt"/>
      <line num="50" count="3" type="stmt"/>
      <line num="51" count="3" type="stmt"/>
      <line num="52" count="3" type="stmt"/>
      <line num="53" count="3" type="stmt"/>
      <line num="54" count="3" type="stmt"/>
      <line num="55" count="3" type="stmt"/>
      <line num="56" count="3" type="cond" truecount="4" falsecount="0"/>
      <line num="57" count="1" type="stmt"/>
      <line num="58" count="1" type="stmt"/>
      <line num="61" count="3" type="cond" truecount="2" falsecount="0"/>
      <line num="63" count="1" type="cond" truecount="1" falsecount="1"/>
      <line num="64" count="1" type="stmt"/>
      <line num="65" count="0" type="cond" truecount="0" falsecount="2"/>
      <line num="66" count="0" type="stmt"/>
      <line num="68" count="0" type="stmt"/>
      <line num="69" count="1" type="stmt"/>
      <line num="70" count="1" type="stmt"/>
      <line num="75" count="1" type="cond" truecount="2" falsecount="2"/>
      <line num="76" count="0" type="stmt"/>
      <line num="77" count="0" type="stmt"/>
      <line num="80" count="0" type="stmt"/>
      <line num="82" count="1" type="stmt"/>
      <line num="84" count="18" type="cond" truecount="2" falsecount="0"/>
      <line num="85" count="15" type="cond" truecount="5" falsecount="0"/>
      <line num="86" count="8" type="cond" truecount="2" falsecount="0"/>
      <line num="87" count="4" type="stmt"/>
      <line num="89" count="4" type="stmt"/>
      <line num="92" count="7" type="stmt"/>
      <line num="94" count="3" type="cond" truecount="1" falsecount="1"/>
      <line num="95" count="3" type="cond" truecount="6" falsecount="0"/>
      <line num="96" count="2" type="cond" truecount="2" falsecount="0"/>
      <line num="97" count="1" type="stmt"/>
      <line num="99" count="1" type="stmt"/>
      <line num="102" count="1" type="stmt"/>
      <line num="105" count="1" type="stmt"/>
      <line num="107" count="2" type="stmt"/>
      <line num="108" count="3" type="stmt"/>
      <line num="109" count="2" type="stmt"/>
      <line num="110" count="8" type="stmt"/>
      <line num="111" count="8" type="cond" truecount="2" falsecount="0"/>
      <line num="112" count="2" type="cond" truecount="1" falsecount="1"/>
      <line num="113" count="2" type="stmt"/>
      <line num="116" count="6" type="stmt"/>
      <line num="117" count="6" type="stmt"/>
      <line num="121" count="1" type="stmt"/>
    </file>
  </project>
</coverage>
