{"/Users/shireensyed/Desktop/T20assignment with TDD/src/app.js": {"path":"/Users/shireensyed/Desktop/T20assignment with TDD/src/app.js","statementMap":{"0":{"start":{"line":2,"column":0},"end":{"line":2,"column":26}},"1":{"start":{"line":3,"column":0},"end":{"line":3,"column":147}},"2":{"start":{"line":4,"column":16},"end":{"line":4,"column":41}},"3":{"start":{"line":4,"column":53},"end":{"line":4,"column":65}},"4":{"start":{"line":4,"column":76},"end":{"line":4,"column":77}},"5":{"start":{"line":4,"column":100},"end":{"line":4,"column":102}},"6":{"start":{"line":4,"column":117},"end":{"line":4,"column":119}},"7":{"start":{"line":5,"column":16},"end":{"line":5,"column":18}},"8":{"start":{"line":5,"column":36},"end":{"line":5,"column":48}},"9":{"start":{"line":5,"column":75},"end":{"line":5,"column":87}},"10":{"start":{"line":6,"column":22},"end":{"line":6,"column":77}},"11":{"start":{"line":6,"column":97},"end":{"line":6,"column":99}},"12":{"start":{"line":6,"column":107},"end":{"line":6,"column":111}},"13":{"start":{"line":7,"column":0},"end":{"line":7,"column":24}},"14":{"start":{"line":8,"column":0},"end":{"line":8,"column":79}},"15":{"start":{"line":10,"column":4},"end":{"line":10,"column":55}},"16":{"start":{"line":12,"column":0},"end":{"line":12,"column":34}},"17":{"start":{"line":14,"column":16},"end":{"line":14,"column":29}},"18":{"start":{"line":15,"column":17},"end":{"line":15,"column":33}},"19":{"start":{"line":16,"column":4},"end":{"line":17,"column":42}},"20":{"start":{"line":17,"column":8},"end":{"line":17,"column":42}},"21":{"start":{"line":18,"column":4},"end":{"line":18,"column":26}},"22":{"start":{"line":20,"column":0},"end":{"line":20,"column":22}},"23":{"start":{"line":22,"column":4},"end":{"line":79,"column":5}},"24":{"start":{"line":23,"column":8},"end":{"line":23,"column":70}},"25":{"start":{"line":24,"column":8},"end":{"line":74,"column":9}},"26":{"start":{"line":25,"column":12},"end":{"line":25,"column":36}},"27":{"start":{"line":26,"column":12},"end":{"line":29,"column":13}},"28":{"start":{"line":27,"column":16},"end":{"line":27,"column":38}},"29":{"start":{"line":28,"column":16},"end":{"line":28,"column":49}},"30":{"start":{"line":30,"column":12},"end":{"line":73,"column":13}},"31":{"start":{"line":31,"column":16},"end":{"line":31,"column":110}},"32":{"start":{"line":32,"column":16},"end":{"line":32,"column":134}},"33":{"start":{"line":33,"column":16},"end":{"line":33,"column":29}},"34":{"start":{"line":35,"column":16},"end":{"line":35,"column":28}},"35":{"start":{"line":38,"column":16},"end":{"line":43,"column":114}},"36":{"start":{"line":39,"column":20},"end":{"line":39,"column":120}},"37":{"start":{"line":40,"column":21},"end":{"line":43,"column":114}},"38":{"start":{"line":41,"column":20},"end":{"line":41,"column":113}},"39":{"start":{"line":42,"column":21},"end":{"line":43,"column":114}},"40":{"start":{"line":43,"column":20},"end":{"line":43,"column":114}},"41":{"start":{"line":44,"column":16},"end":{"line":44,"column":63}},"42":{"start":{"line":45,"column":16},"end":{"line":72,"column":17}},"43":{"start":{"line":46,"column":20},"end":{"line":60,"column":21}},"44":{"start":{"line":47,"column":24},"end":{"line":48,"column":91}},"45":{"start":{"line":48,"column":28},"end":{"line":48,"column":91}},"46":{"start":{"line":49,"column":24},"end":{"line":49,"column":56}},"47":{"start":{"line":50,"column":24},"end":{"line":50,"column":127}},"48":{"start":{"line":51,"column":24},"end":{"line":51,"column":99}},"49":{"start":{"line":52,"column":24},"end":{"line":52,"column":56}},"50":{"start":{"line":53,"column":24},"end":{"line":53,"column":63}},"51":{"start":{"line":54,"column":24},"end":{"line":54,"column":56}},"52":{"start":{"line":55,"column":24},"end":{"line":55,"column":35}},"53":{"start":{"line":56,"column":24},"end":{"line":59,"column":25}},"54":{"start":{"line":57,"column":28},"end":{"line":57,"column":67}},"55":{"start":{"line":58,"column":28},"end":{"line":58,"column":40}},"56":{"start":{"line":61,"column":20},"end":{"line":71,"column":21}},"57":{"start":{"line":63,"column":24},"end":{"line":68,"column":54}},"58":{"start":{"line":64,"column":28},"end":{"line":64,"column":78}},"59":{"start":{"line":65,"column":29},"end":{"line":68,"column":54}},"60":{"start":{"line":66,"column":28},"end":{"line":66,"column":77}},"61":{"start":{"line":68,"column":28},"end":{"line":68,"column":54}},"62":{"start":{"line":69,"column":24},"end":{"line":69,"column":37}},"63":{"start":{"line":70,"column":24},"end":{"line":70,"column":36}},"64":{"start":{"line":75,"column":8},"end":{"line":78,"column":9}},"65":{"start":{"line":76,"column":12},"end":{"line":76,"column":62}},"66":{"start":{"line":77,"column":12},"end":{"line":77,"column":24}},"67":{"start":{"line":80,"column":4},"end":{"line":80,"column":16}},"68":{"start":{"line":82,"column":0},"end":{"line":82,"column":28}},"69":{"start":{"line":84,"column":4},"end":{"line":103,"column":5}},"70":{"start":{"line":85,"column":8},"end":{"line":92,"column":26}},"71":{"start":{"line":86,"column":12},"end":{"line":89,"column":25}},"72":{"start":{"line":87,"column":16},"end":{"line":87,"column":25}},"73":{"start":{"line":89,"column":16},"end":{"line":89,"column":25}},"74":{"start":{"line":92,"column":12},"end":{"line":92,"column":26}},"75":{"start":{"line":94,"column":9},"end":{"line":103,"column":5}},"76":{"start":{"line":95,"column":8},"end":{"line":102,"column":26}},"77":{"start":{"line":96,"column":12},"end":{"line":99,"column":25}},"78":{"start":{"line":97,"column":16},"end":{"line":97,"column":25}},"79":{"start":{"line":99,"column":16},"end":{"line":99,"column":25}},"80":{"start":{"line":102,"column":12},"end":{"line":102,"column":26}},"81":{"start":{"line":105,"column":0},"end":{"line":105,"column":38}},"82":{"start":{"line":107,"column":4},"end":{"line":108,"column":100}},"83":{"start":{"line":107,"column":17},"end":{"line":107,"column":18}},"84":{"start":{"line":108,"column":8},"end":{"line":108,"column":100}},"85":{"start":{"line":109,"column":4},"end":{"line":119,"column":5}},"86":{"start":{"line":109,"column":17},"end":{"line":109,"column":18}},"87":{"start":{"line":110,"column":8},"end":{"line":110,"column":58}},"88":{"start":{"line":111,"column":8},"end":{"line":118,"column":9}},"89":{"start":{"line":112,"column":12},"end":{"line":113,"column":128}},"90":{"start":{"line":113,"column":16},"end":{"line":113,"column":128}},"91":{"start":{"line":116,"column":12},"end":{"line":116,"column":60}},"92":{"start":{"line":117,"column":12},"end":{"line":117,"column":113}},"93":{"start":{"line":121,"column":0},"end":{"line":121,"column":11}}},"fnMap":{"0":{"name":"probability","decl":{"start":{"line":9,"column":9},"end":{"line":9,"column":20}},"loc":{"start":{"line":9,"column":23},"end":{"line":11,"column":1}},"line":9},"1":{"name":"score","decl":{"start":{"line":13,"column":9},"end":{"line":13,"column":14}},"loc":{"start":{"line":13,"column":23},"end":{"line":19,"column":1}},"line":13},"2":{"name":"evaluate","decl":{"start":{"line":21,"column":9},"end":{"line":21,"column":17}},"loc":{"start":{"line":21,"column":20},"end":{"line":81,"column":1}},"line":21},"3":{"name":"player_strike","decl":{"start":{"line":83,"column":9},"end":{"line":83,"column":22}},"loc":{"start":{"line":83,"column":47},"end":{"line":104,"column":1}},"line":83},"4":{"name":"scoreboard","decl":{"start":{"line":106,"column":9},"end":{"line":106,"column":19}},"loc":{"start":{"line":106,"column":22},"end":{"line":120,"column":1}},"line":106}},"branchMap":{"0":{"loc":{"start":{"line":16,"column":4},"end":{"line":17,"column":42}},"type":"if","locations":[{"start":{"line":16,"column":4},"end":{"line":17,"column":42}},{"start":{"line":16,"column":4},"end":{"line":17,"column":42}}],"line":16},"1":{"loc":{"start":{"line":26,"column":12},"end":{"line":29,"column":13}},"type":"if","locations":[{"start":{"line":26,"column":12},"end":{"line":29,"column":13}},{"start":{"line":26,"column":12},"end":{"line":29,"column":13}}],"line":26},"2":{"loc":{"start":{"line":30,"column":12},"end":{"line":73,"column":13}},"type":"if","locations":[{"start":{"line":30,"column":12},"end":{"line":73,"column":13}},{"start":{"line":30,"column":12},"end":{"line":73,"column":13}}],"line":30},"3":{"loc":{"start":{"line":38,"column":16},"end":{"line":43,"column":114}},"type":"if","locations":[{"start":{"line":38,"column":16},"end":{"line":43,"column":114}},{"start":{"line":38,"column":16},"end":{"line":43,"column":114}}],"line":38},"4":{"loc":{"start":{"line":40,"column":21},"end":{"line":43,"column":114}},"type":"if","locations":[{"start":{"line":40,"column":21},"end":{"line":43,"column":114}},{"start":{"line":40,"column":21},"end":{"line":43,"column":114}}],"line":40},"5":{"loc":{"start":{"line":42,"column":21},"end":{"line":43,"column":114}},"type":"if","locations":[{"start":{"line":42,"column":21},"end":{"line":43,"column":114}},{"start":{"line":42,"column":21},"end":{"line":43,"column":114}}],"line":42},"6":{"loc":{"start":{"line":45,"column":16},"end":{"line":72,"column":17}},"type":"if","locations":[{"start":{"line":45,"column":16},"end":{"line":72,"column":17}},{"start":{"line":45,"column":16},"end":{"line":72,"column":17}}],"line":45},"7":{"loc":{"start":{"line":46,"column":20},"end":{"line":60,"column":21}},"type":"if","locations":[{"start":{"line":46,"column":20},"end":{"line":60,"column":21}},{"start":{"line":46,"column":20},"end":{"line":60,"column":21}}],"line":46},"8":{"loc":{"start":{"line":47,"column":24},"end":{"line":48,"column":91}},"type":"if","locations":[{"start":{"line":47,"column":24},"end":{"line":48,"column":91}},{"start":{"line":47,"column":24},"end":{"line":48,"column":91}}],"line":47},"9":{"loc":{"start":{"line":56,"column":24},"end":{"line":59,"column":25}},"type":"if","locations":[{"start":{"line":56,"column":24},"end":{"line":59,"column":25}},{"start":{"line":56,"column":24},"end":{"line":59,"column":25}}],"line":56},"10":{"loc":{"start":{"line":56,"column":28},"end":{"line":56,"column":66}},"type":"binary-expr","locations":[{"start":{"line":56,"column":28},"end":{"line":56,"column":59}},{"start":{"line":56,"column":63},"end":{"line":56,"column":66}}],"line":56},"11":{"loc":{"start":{"line":61,"column":20},"end":{"line":71,"column":21}},"type":"if","locations":[{"start":{"line":61,"column":20},"end":{"line":71,"column":21}},{"start":{"line":61,"column":20},"end":{"line":71,"column":21}}],"line":61},"12":{"loc":{"start":{"line":63,"column":24},"end":{"line":68,"column":54}},"type":"if","locations":[{"start":{"line":63,"column":24},"end":{"line":68,"column":54}},{"start":{"line":63,"column":24},"end":{"line":68,"column":54}}],"line":63},"13":{"loc":{"start":{"line":65,"column":29},"end":{"line":68,"column":54}},"type":"if","locations":[{"start":{"line":65,"column":29},"end":{"line":68,"column":54}},{"start":{"line":65,"column":29},"end":{"line":68,"column":54}}],"line":65},"14":{"loc":{"start":{"line":75,"column":8},"end":{"line":78,"column":9}},"type":"if","locations":[{"start":{"line":75,"column":8},"end":{"line":78,"column":9}},{"start":{"line":75,"column":8},"end":{"line":78,"column":9}}],"line":75},"15":{"loc":{"start":{"line":75,"column":12},"end":{"line":75,"column":39}},"type":"binary-expr","locations":[{"start":{"line":75,"column":12},"end":{"line":75,"column":27}},{"start":{"line":75,"column":31},"end":{"line":75,"column":39}}],"line":75},"16":{"loc":{"start":{"line":84,"column":4},"end":{"line":103,"column":5}},"type":"if","locations":[{"start":{"line":84,"column":4},"end":{"line":103,"column":5}},{"start":{"line":84,"column":4},"end":{"line":103,"column":5}}],"line":84},"17":{"loc":{"start":{"line":85,"column":8},"end":{"line":92,"column":26}},"type":"if","locations":[{"start":{"line":85,"column":8},"end":{"line":92,"column":26}},{"start":{"line":85,"column":8},"end":{"line":92,"column":26}}],"line":85},"18":{"loc":{"start":{"line":85,"column":12},"end":{"line":85,"column":56}},"type":"binary-expr","locations":[{"start":{"line":85,"column":12},"end":{"line":85,"column":24}},{"start":{"line":85,"column":28},"end":{"line":85,"column":40}},{"start":{"line":85,"column":44},"end":{"line":85,"column":56}}],"line":85},"19":{"loc":{"start":{"line":86,"column":12},"end":{"line":89,"column":25}},"type":"if","locations":[{"start":{"line":86,"column":12},"end":{"line":89,"column":25}},{"start":{"line":86,"column":12},"end":{"line":89,"column":25}}],"line":86},"20":{"loc":{"start":{"line":94,"column":9},"end":{"line":103,"column":5}},"type":"if","locations":[{"start":{"line":94,"column":9},"end":{"line":103,"column":5}},{"start":{"line":94,"column":9},"end":{"line":103,"column":5}}],"line":94},"21":{"loc":{"start":{"line":95,"column":8},"end":{"line":102,"column":26}},"type":"if","locations":[{"start":{"line":95,"column":8},"end":{"line":102,"column":26}},{"start":{"line":95,"column":8},"end":{"line":102,"column":26}}],"line":95},"22":{"loc":{"start":{"line":95,"column":12},"end":{"line":95,"column":72}},"type":"binary-expr","locations":[{"start":{"line":95,"column":12},"end":{"line":95,"column":24}},{"start":{"line":95,"column":28},"end":{"line":95,"column":40}},{"start":{"line":95,"column":44},"end":{"line":95,"column":56}},{"start":{"line":95,"column":60},"end":{"line":95,"column":72}}],"line":95},"23":{"loc":{"start":{"line":96,"column":12},"end":{"line":99,"column":25}},"type":"if","locations":[{"start":{"line":96,"column":12},"end":{"line":99,"column":25}},{"start":{"line":96,"column":12},"end":{"line":99,"column":25}}],"line":96},"24":{"loc":{"start":{"line":111,"column":8},"end":{"line":118,"column":9}},"type":"if","locations":[{"start":{"line":111,"column":8},"end":{"line":118,"column":9}},{"start":{"line":111,"column":8},"end":{"line":118,"column":9}}],"line":111},"25":{"loc":{"start":{"line":112,"column":12},"end":{"line":113,"column":128}},"type":"if","locations":[{"start":{"line":112,"column":12},"end":{"line":113,"column":128}},{"start":{"line":112,"column":12},"end":{"line":113,"column":128}}],"line":112}},"s":{"0":1,"1":1,"2":1,"3":1,"4":1,"5":1,"6":1,"7":1,"8":1,"9":1,"10":1,"11":1,"12":1,"13":1,"14":1,"15":15,"16":1,"17":15,"18":15,"19":15,"20":11,"21":15,"22":1,"23":2,"24":3,"25":3,"26":15,"27":15,"28":11,"29":11,"30":15,"31":1,"32":1,"33":1,"34":1,"35":14,"36":1,"37":13,"38":1,"39":12,"40":9,"41":14,"42":14,"43":3,"44":3,"45":3,"46":3,"47":3,"48":3,"49":3,"50":3,"51":3,"52":3,"53":3,"54":1,"55":1,"56":3,"57":1,"58":1,"59":0,"60":0,"61":0,"62":1,"63":1,"64":1,"65":0,"66":0,"67":0,"68":1,"69":18,"70":15,"71":8,"72":4,"73":4,"74":7,"75":3,"76":3,"77":2,"78":1,"79":1,"80":1,"81":1,"82":2,"83":2,"84":3,"85":2,"86":2,"87":8,"88":8,"89":2,"90":2,"91":6,"92":6,"93":1},"f":{"0":15,"1":15,"2":2,"3":18,"4":2},"b":{"0":[11,4],"1":[11,4],"2":[1,14],"3":[1,13],"4":[1,12],"5":[9,3],"6":[3,11],"7":[3,0],"8":[3,0],"9":[1,2],"10":[3,2],"11":[1,2],"12":[1,0],"13":[0,0],"14":[0,1],"15":[1,0],"16":[15,3],"17":[8,7],"18":[15,14,9],"19":[4,4],"20":[3,0],"21":[2,1],"22":[3,3,1,1],"23":[1,1],"24":[2,6],"25":[2,0]},"inputSourceMap":null,"_coverageSchema":"1a1c01bbd47fc00a2c39e90264f33305004495a9","hash":"360de4e61bef3c9afc7fc335eb156f1521180a80"}
}
