TN:
SF:src/app.js
FN:9,probability
FN:13,score
FN:21,evaluate
FN:83,player_strike
FN:106,scoreboard
FNF:5
FNH:5
FNDA:15,probability
FNDA:15,score
FNDA:2,evaluate
FNDA:18,player_strike
FNDA:2,scoreboard
DA:2,1
DA:3,1
DA:4,1
DA:5,1
DA:6,1
DA:7,1
DA:8,1
DA:10,15
DA:12,1
DA:14,15
DA:15,15
DA:16,15
DA:17,11
DA:18,15
DA:20,1
DA:22,2
DA:23,3
DA:24,3
DA:25,15
DA:26,15
DA:27,11
DA:28,11
DA:30,15
DA:31,1
DA:32,1
DA:33,1
DA:35,1
DA:38,14
DA:39,1
DA:40,13
DA:41,1
DA:42,12
DA:43,9
DA:44,14
DA:45,14
DA:46,3
DA:47,3
DA:48,3
DA:49,3
DA:50,3
DA:51,3
DA:52,3
DA:53,3
DA:54,3
DA:55,3
DA:56,3
DA:57,1
DA:58,1
DA:61,3
DA:63,1
DA:64,1
DA:65,0
DA:66,0
DA:68,0
DA:69,1
DA:70,1
DA:75,1
DA:76,0
DA:77,0
DA:80,0
DA:82,1
DA:84,18
DA:85,15
DA:86,8
DA:87,4
DA:89,4
DA:92,7
DA:94,3
DA:95,3
DA:96,2
DA:97,1
DA:99,1
DA:102,1
DA:105,1
DA:107,2
DA:108,3
DA:109,2
DA:110,8
DA:111,8
DA:112,2
DA:113,2
DA:116,6
DA:117,6
DA:121,1
LF:84
LH:78
BRDA:16,0,0,11
BRDA:16,0,1,4
BRDA:26,1,0,11
BRDA:26,1,1,4
BRDA:30,2,0,1
BRDA:30,2,1,14
BRDA:38,3,0,1
BRDA:38,3,1,13
BRDA:40,4,0,1
BRDA:40,4,1,12
BRDA:42,5,0,9
BRDA:42,5,1,3
BRDA:45,6,0,3
BRDA:45,6,1,11
BRDA:46,7,0,3
BRDA:46,7,1,0
BRDA:47,8,0,3
BRDA:47,8,1,0
BRDA:56,9,0,1
BRDA:56,9,1,2
BRDA:56,10,0,3
BRDA:56,10,1,2
BRDA:61,11,0,1
BRDA:61,11,1,2
BRDA:63,12,0,1
BRDA:63,12,1,0
BRDA:65,13,0,0
BRDA:65,13,1,0
BRDA:75,14,0,0
BRDA:75,14,1,1
BRDA:75,15,0,1
BRDA:75,15,1,0
BRDA:84,16,0,15
BRDA:84,16,1,3
BRDA:85,17,0,8
BRDA:85,17,1,7
BRDA:85,18,0,15
BRDA:85,18,1,14
BRDA:85,18,2,9
BRDA:86,19,0,4
BRDA:86,19,1,4
BRDA:94,20,0,3
BRDA:94,20,1,0
BRDA:95,21,0,2
BRDA:95,21,1,1
BRDA:95,22,0,3
BRDA:95,22,1,3
BRDA:95,22,2,1
BRDA:95,22,3,1
BRDA:96,23,0,1
BRDA:96,23,1,1
BRDA:111,24,0,2
BRDA:111,24,1,6
BRDA:112,25,0,2
BRDA:112,25,1,0
BRF:55
BRH:46
end_of_record
